<?xml version="1.0" encoding="utf-8"?><testsuite errors="0" failures="0" name="pytest" skips="7" tests="66" time="0.331"><testcase classname="" file="test/__init__.py" line="-1" name="test.__init__" time="0.0007627010345458984"><skipped message="file(s) previously passed FLAKE8 checks" type="pytest.skip">/Users/sune/.local/share/virtualenvs/serum-3EuQpo5I/lib/python3.6/site-packages/pytest_flake8.py:105: &lt;py._xmlgen.raw object at 0x109d40128&gt;</skipped></testcase><testcase classname="" file="test/test_context.py" line="-1" name="test.test_context" time="0.00044417381286621094"><skipped message="file(s) previously passed FLAKE8 checks" type="pytest.skip">/Users/sune/.local/share/virtualenvs/serum-3EuQpo5I/lib/python3.6/site-packages/pytest_flake8.py:105: &lt;py._xmlgen.raw object at 0x109d407f0&gt;</skipped></testcase><testcase classname="test.test_context.ContextTests" file="test/test_context.py" line="60" name="test_can_register_dependency" time="0.0007846355438232422"></testcase><testcase classname="test.test_context.ContextTests" file="test/test_context.py" line="155" name="test_circular_dependency" time="0.0015637874603271484"></testcase><testcase classname="test.test_context.ContextTests" file="test/test_context.py" line="122" name="test_context_manager" time="0.0007112026214599609"></testcase><testcase classname="test.test_context.ContextTests" file="test/test_context.py" line="92" name="test_decorater" time="0.0006914138793945312"></testcase><testcase classname="test.test_context.ContextTests" file="test/test_context.py" line="144" name="test_fails_with_ambiguous_dependencies" time="0.0007090568542480469"></testcase><testcase classname="test.test_context.ContextTests" file="test/test_context.py" line="132" name="test_getitem" time="0.0007579326629638672"></testcase><testcase classname="test.test_context.ContextTests" file="test/test_context.py" line="136" name="test_gets_most_specific" time="0.0006875991821289062"></testcase><testcase classname="test.test_context.ContextTests" file="test/test_context.py" line="85" name="test_intersection" time="0.0005917549133300781"></testcase><testcase classname="test.test_context.ContextTests" file="test/test_context.py" line="128" name="test_missing_named_dependency" time="0.000606536865234375"></testcase><testcase classname="test.test_context.ContextTests" file="test/test_context.py" line="102" name="test_new_environment_in_thread" time="0.0010590553283691406"></testcase><testcase classname="test.test_context.ContextTests" file="test/test_context.py" line="64" name="test_provides_concrete_dependency" time="0.0006442070007324219"></testcase><testcase classname="test.test_context.ContextTests" file="test/test_context.py" line="69" name="test_provides_concrete_subclass" time="0.0006482601165771484"></testcase><testcase classname="test.test_context.ContextTests" file="test/test_context.py" line="75" name="test_provides_correct_implementation" time="0.0008559226989746094"></testcase><testcase classname="test.test_context.ContextTests" file="test/test_context.py" line="113" name="test_same_context_in_thread" time="0.0007462501525878906"></testcase><testcase classname="test.test_context.ContextTests" file="test/test_context.py" line="149" name="test_singleton_is_always_same_instance" time="0.0006999969482421875"></testcase><testcase classname="test.test_context.ContextTests" file="test/test_context.py" line="185" name="test_subtype_is_singleton" time="0.0008168220520019531"></testcase><testcase classname="" file="test/test_dependency.py" line="-1" name="test.test_dependency" time="0.00041985511779785156"><skipped message="file(s) previously passed FLAKE8 checks" type="pytest.skip">/Users/sune/.local/share/virtualenvs/serum-3EuQpo5I/lib/python3.6/site-packages/pytest_flake8.py:105: &lt;py._xmlgen.raw object at 0x109d6d5f8&gt;</skipped></testcase><testcase classname="test.test_dependency" file="test/test_dependency.py" line="3" name="test_dependency_decorator_adds_flag" time="0.0006272792816162109"></testcase><testcase classname="test.test_dependency" file="test/test_dependency.py" line="10" name="test_singleton" time="0.0005946159362792969"></testcase><testcase classname="" file="test/test_inject.py" line="-1" name="test.test_inject" time="0.0004200935363769531"><skipped message="file(s) previously passed FLAKE8 checks" type="pytest.skip">/Users/sune/.local/share/virtualenvs/serum-3EuQpo5I/lib/python3.6/site-packages/pytest_flake8.py:105: &lt;py._xmlgen.raw object at 0x109d6df28&gt;</skipped></testcase><testcase classname="test.test_inject.InjectTests" file="test/test_inject.py" line="134" name="test_decorate_class_with_no_annotations" time="0.0006422996520996094"></testcase><testcase classname="test.test_inject.InjectTests" file="test/test_inject.py" line="140" name="test_decorate_class_with_no_dependency_annotations" time="0.0006136894226074219"></testcase><testcase classname="test.test_inject.InjectTests" file="test/test_inject.py" line="171" name="test_decorate_function_with_no_injected_params" time="0.0006990432739257812"></testcase><testcase classname="test.test_inject.InjectTests" file="test/test_inject.py" line="146" name="test_decorate_nonclass_or_nonfunction" time="0.0006673336029052734"></testcase><testcase classname="test.test_inject.InjectTests" file="test/test_inject.py" line="264" name="test_dependency_error_in_function" time="0.0007717609405517578"></testcase><testcase classname="test.test_inject.InjectTests" file="test/test_inject.py" line="305" name="test_dependency_provided_as_keyword_arg" time="0.0007250308990478516"></testcase><testcase classname="test.test_inject.InjectTests" file="test/test_inject.py" line="212" name="test_dependency_raises_type_error" time="0.0009777545928955078"></testcase><testcase classname="test.test_inject.InjectTests" file="test/test_inject.py" line="277" name="test_dependency_subtype_error_in_function" time="0.001039743423461914"></testcase><testcase classname="test.test_inject.InjectTests" file="test/test_inject.py" line="119" name="test_inheritance" time="0.0010149478912353516"></testcase><testcase classname="test.test_inject.InjectTests" file="test/test_inject.py" line="88" name="test_inject_can_get_concrete_component" time="0.0008084774017333984"></testcase><testcase classname="test.test_inject.InjectTests" file="test/test_inject.py" line="150" name="test_inject_function_dependency" time="0.0006992816925048828"></testcase><testcase classname="test.test_inject.InjectTests" file="test/test_inject.py" line="154" name="test_inject_function_with_non_dependency_annotations" time="0.0010251998901367188"></testcase><testcase classname="test.test_inject.InjectTests" file="test/test_inject.py" line="71" name="test_inject_gets_concrete_component" time="0.0008809566497802734"></testcase><testcase classname="test.test_inject.InjectTests" file="test/test_inject.py" line="94" name="test_inject_provides_correct_implementation" time="0.0008358955383300781"></testcase><testcase classname="test.test_inject.InjectTests" file="test/test_inject.py" line="80" name="test_inject_string" time="0.0007328987121582031"></testcase><testcase classname="test.test_inject.InjectTests" file="test/test_inject.py" line="294" name="test_inject_with_no_annotations" time="0.0009517669677734375"></testcase><testcase classname="test.test_inject.InjectTests" file="test/test_inject.py" line="312" name="test_inject_with_return_annotation" time="0.0006783008575439453"></testcase><testcase classname="test.test_inject.InjectTests" file="test/test_inject.py" line="250" name="test_inject_with_set_attr_override" time="0.0007069110870361328"></testcase><testcase classname="test.test_inject.InjectTests" file="test/test_inject.py" line="109" name="test_injected_are_different_instances" time="0.002080202102661133"></testcase><testcase classname="test.test_inject.InjectTests" file="test/test_inject.py" line="75" name="test_injected_component_is_immutable" time="0.0007216930389404297"></testcase><testcase classname="test.test_inject.InjectTests" file="test/test_inject.py" line="104" name="test_injection_chaining" time="0.0007009506225585938"></testcase><testcase classname="test.test_inject.InjectTests" file="test/test_inject.py" line="185" name="test_invalid_class_dependencies" time="0.0007228851318359375"></testcase><testcase classname="test.test_inject.InjectTests" file="test/test_inject.py" line="238" name="test_missing_init_dependencies" time="0.0007817745208740234"></testcase><testcase classname="test.test_inject.InjectTests" file="test/test_inject.py" line="115" name="test_named_dependency" time="0.0006415843963623047"></testcase><testcase classname="test.test_inject.InjectTests" file="test/test_inject.py" line="231" name="test_no_dependencies" time="0.0006051063537597656"></testcase><testcase classname="test.test_inject.InjectTests" file="test/test_inject.py" line="224" name="test_no_named_dependency" time="0.0007402896881103516"></testcase><testcase classname="test.test_inject.InjectTests" file="test/test_inject.py" line="179" name="test_override_class_dependency" time="0.0006959438323974609"></testcase><testcase classname="test.test_inject.InjectTests" file="test/test_inject.py" line="162" name="test_overriding_injected_parameters" time="0.0006396770477294922"></testcase><testcase classname="test.test_inject.InjectTests" file="test/test_inject.py" line="85" name="test_static_dependency" time="0.0006098747253417969"></testcase><testcase classname="test.test_inject.InjectTests" file="test/test_inject.py" line="196" name="test_subtype_is_bad_dependency" time="0.0008144378662109375"></testcase><testcase classname="" file="test/test_ipython_extension.py" line="-1" name="test.test_ipython_extension" time="0.0004718303680419922"><skipped message="file(s) previously passed FLAKE8 checks" type="pytest.skip">/Users/sune/.local/share/virtualenvs/serum-3EuQpo5I/lib/python3.6/site-packages/pytest_flake8.py:105: &lt;py._xmlgen.raw object at 0x109d87c88&gt;</skipped></testcase><testcase classname="test.test_ipython_extension.IPythonExtensionTests" file="test/test_ipython_extension.py" line="14" name="test_load_extension" time="0.011635780334472656"></testcase><testcase classname="test.test_ipython_extension.IPythonExtensionTests" file="test/test_ipython_extension.py" line="11" name="test_load_extension_no_ipython_environment" time="0.0006330013275146484"></testcase><testcase classname="test.test_ipython_extension.IPythonExtensionTests" file="test/test_ipython_extension.py" line="28" name="test_unload_extension_no_ipython_environment" time="0.0006134510040283203"></testcase><testcase classname="" file="test/test_match.py" line="-1" name="test.test_match" time="0.0005898475646972656"><skipped message="file(s) previously passed FLAKE8 checks" type="pytest.skip">/Users/sune/.local/share/virtualenvs/serum-3EuQpo5I/lib/python3.6/site-packages/pytest_flake8.py:105: &lt;py._xmlgen.raw object at 0x109d7ccc0&gt;</skipped></testcase><testcase classname="test.test_match.MatchTests" file="test/test_match.py" line="28" name="test_match_fails_when_no_default_and_no_env" time="0.0006377696990966797"></testcase><testcase classname="test.test_match.MatchTests" file="test/test_match.py" line="33" name="test_match_fails_with_unknown_environment" time="0.0006070137023925781"></testcase><testcase classname="test.test_match.MatchTests" file="test/test_match.py" line="22" name="test_match_gets_default" time="0.0006024837493896484"></testcase><testcase classname="test.test_match.MatchTests" file="test/test_match.py" line="12" name="test_match_returns_correct_env" time="0.0007598400115966797"></testcase><testcase classname="" file="test/test_mock.py" line="-1" name="test.test_mock" time="0.00045418739318847656"><skipped message="file(s) previously passed FLAKE8 checks" type="pytest.skip">/Users/sune/.local/share/virtualenvs/serum-3EuQpo5I/lib/python3.6/site-packages/pytest_flake8.py:105: &lt;py._xmlgen.raw object at 0x1097a4780&gt;</skipped></testcase><testcase classname="test.test_mock.MockTests" file="test/test_mock.py" line="28" name="test_mock_always_replaces_component" time="0.01312708854675293"></testcase><testcase classname="test.test_mock.MockTests" file="test/test_mock.py" line="47" name="test_mock_is_specced" time="0.0034699440002441406"></testcase><testcase classname="test.test_mock.MockTests" file="test/test_mock.py" line="59" name="test_mock_replaces_named_value" time="0.001834869384765625"></testcase><testcase classname="test.test_mock.MockTests" file="test/test_mock.py" line="36" name="test_mocks_are_reset_after_context_exit" time="0.0026807785034179688"></testcase></testsuite>